build/app/intermediates/proguard-rules/release/aapt_rules.txt
# Referenced at processReleaseManifest/merged/AndroidManifest.xml:25
-keep class com.company_name.happy_oil.MainActivity { <init>(...); }
# Referenced at processReleaseManifest/merged/AndroidManifest.xml:20
-keep class io.flutter.app.FlutterApplication { <init>(...); }