build/app/outputs/mapping/r8/release/mapping.txt
# compiler: R8
# compiler_version: 1.2.49
# min_api: 16
com.company_name.happy_oil.MainActivity -> com.company_name.happy_oil.MainActivity:
...
io.flutter.embedding.engine.systemchannels.SettingsChannel$PlatformBrightness -> io.flutter.embedding.engine.d.m$b:
    java.lang.String name -> d
    io.flutter.embedding.engine.systemchannels.SettingsChannel$PlatformBrightness dark -> b
    io.flutter.embedding.engine.systemchannels.SettingsChannel$PlatformBrightness light -> a
    io.flutter.embedding.engine.systemchannels.SettingsChannel$PlatformBrightness[] $VALUES -> c
io.flutter.embedding.engine.systemchannels.SystemChannel -> io.flutter.embedding.engine.d.n:
    io.flutter.plugin.common.BasicMessageChannel channel -> a
    void sendMemoryPressureWarning() -> a
io.flutter.embedding.engine.systemchannels.TextInputChannel -> io.flutter.embedding.engine.d.p:
    io.flutter.embedding.engine.systemchannels.TextInputChannel$TextInputMethodHandler textInputMethodHandler -> b
    io.flutter.plugin.common.MethodChannel channel -> a
    io.flutter.plugin.common.MethodChannel$MethodCallHandler parsingMethodHandler -> c
    io.flutter.embedding.engine.systemchannels.TextInputChannel$TextInputMethodHandler access$000(io.flutter.embedding.engine.systemchannels.TextInputChannel) -> a
    void done(int) -> e
    void go(int) -> b
    void newline(int) -> a
    void next(int) -> f
    void previous(int) -> g
    void requestExistingInputState() -> a
    void search(int) -> c
    void send(int) -> d
    void setTextInputMethodHandler(io.flutter.embedding.engine.systemchannels.TextInputChannel$TextInputMethodHandler) -> a
    void unspecifiedAction(int) -> h
    void updateEditingState(int,java.lang.String,int,int,int,int) -> a
io.flutter.embedding.engine.systemchannels.TextInputChannel$1 -> io.flutter.embedding.engine.d.o:
    io.flutter.embedding.engine.systemchannels.TextInputChannel this$0 -> a
    void onMethodCall(io.flutter.plugin.common.MethodCall,io.flutter.plugin.common.MethodChannel$Result) -> a
io.flutter.embedding.engine.systemchannels.TextInputChannel$Configuration -> io.flutter.embedding.engine.d.p$a:
    boolean autocorrect -> b
    boolean enableSuggestions -> c
    boolean obscureText -> a
    io.flutter.embedding.engine.systemchannels.TextInputChannel$InputType inputType -> e
    io.flutter.embedding.engine.systemchannels.TextInputChannel$TextCapitalization textCapitalization -> d
    java.lang.Integer inputAction -> f
    java.lang.String actionLabel -> g
    io.flutter.embedding.engine.systemchannels.TextInputChannel$Configuration fromJson(org.json.JSONObject) -> a
    java.lang.Integer inputActionFromTextInputAction(java.lang.String) -> a
io.flutter.embedding.engine.systemchannels.TextInputChannel$InputType -> io.flutter.embedding.engine.d.p$b:
    boolean isDecimal -> c
    boolean isSigned -> b
    io.flutter.embedding.engine.systemchannels.TextInputChannel$TextInputType type -> a
    io.flutter.embedding.engine.systemchannels.TextInputChannel$InputType fromJson(org.json.JSONObject) -> a
io.flutter.embedding.engine.systemchannels.TextInputChannel$TextCapitalization -> io.flutter.embedding.engine.d.p$c:
    java.lang.String encodedName -> f
    io.flutter.embedding.engine.systemchannels.TextInputChannel$TextCapitalization CHARACTERS -> a
    io.flutter.embedding.engine.systemchannels.TextInputChannel$TextCapitalization NONE -> d
    io.flutter.embedding.engine.systemchannels.TextInputChannel$TextCapitalization SENTENCES -> c
    io.flutter.embedding.engine.systemchannels.TextInputChannel$TextCapitalization WORDS -> b
    io.flutter.embedding.engine.systemchannels.TextInputChannel$TextCapitalization[] $VALUES -> e
    io.flutter.embedding.engine.systemchannels.TextInputChannel$TextCapitalization fromValue(java.lang.String) -> a
io.flutter.embedding.engine.systemchannels.TextInputChannel$TextEditState -> io.flutter.embedding.engine.d.p$d:
    int selectionEnd -> c
    int selectionStart -> b
    java.lang.String text -> a
    io.flutter.embedding.engine.systemchannels.TextInputChannel$TextEditState fromJson(org.json.JSONObject) -> a